<?xml version="1.0" encoding="UTF-8"?>
<!-- Generated by org.testng.reporters.JUnitXMLReporter -->
<testsuite ignored="0" hostname="NaveenDudhyal" failures="0" tests="2" name="Edge Test" time="18.59" errors="0" timestamp="2024-08-13T00:49:11 IST">
  <testcase classname="com.myshop.testcase.Testing" name="TC001_verify_the_text_of_contact_btn" time="0.043"/>
  <testcase classname="com.myshop.testcase.Testing" name="TC002_verify_that_contactUs_functionality_works_propelry" time="0.925"/>
</testsuite> <!-- Edge Test -->
