<?xml version="1.0" encoding="UTF-8"?>
<!-- Generated by org.testng.reporters.JUnitXMLReporter -->
<testsuite ignored="0" hostname="NaveenDudhyal" failures="1" tests="2" name="Edge Test" time="21.76" errors="0" timestamp="2024-08-23T23:37:21 IST">
  <testcase classname="com.myshop.testcase.Testing" name="TC001_verify_the_text_of_contact_btn" time="0.003">
    <failure type="java.lang.NullPointerException" message="Cannot invoke &amp;quot;com.aventstack.extentreports.ExtentTest.log(com.aventstack.extentreports.Status, String)&amp;quot; because &amp;quot;this.test&amp;quot; is null">
      <![CDATA[java.lang.NullPointerException: Cannot invoke "com.aventstack.extentreports.ExtentTest.log(com.aventstack.extentreports.Status, String)" because "this.test" is null
at com.myshop.testcase.Testing.TC001_verify_the_text_of_contact_btn(Testing.java:18)
at java.base/java.util.ArrayList.forEach(ArrayList.java:1597)
... Removed 25 stack frames]]>
    </failure>
  </testcase> <!-- TC001_verify_the_text_of_contact_btn -->
  <testcase classname="com.myshop.testcase.Testing" name="TC002_verify_that_contactUs_functionality_works_propelry" time="1.434"/>
</testsuite> <!-- Edge Test -->
