<?xml version="1.0" encoding="UTF-8"?>
<!-- Generated by org.testng.reporters.JUnitXMLReporter -->
<testsuite ignored="2" hostname="NaveenDudhyal" failures="0" tests="0" time="0.529" errors="0" timestamp="2024-08-13T19:50:09 IST">
  <testcase classname="com.myshop.testcase.Testing" name="TC002_verify_that_contactUs_functionality_works_propelry" time="0.0">
    <ignored/>
  </testcase> <!-- TC002_verify_that_contactUs_functionality_works_propelry -->
  <testcase classname="com.myshop.testcase.Testing" name="TC001_verify_the_text_of_contact_btn" time="0.0">
    <ignored/>
  </testcase> <!-- TC001_verify_the_text_of_contact_btn -->
</testsuite>
